# JRE version: Java(TM) SE Runtime Environment (8.0_171-b11) (build 1.8.0_171-b11)
# Java VM: Java HotSpot(TM) 64-Bit Server VM (25.171-b11 mixed mode windows-amd64 compressed oops)
Heap:
 PSYoungGen      total 221184K, used 11518K [0x00000000d5f80000, 0x00000000e4900000, 0x0000000100000000)
  eden space 210432K, 5% used [0x00000000d5f80000,0x00000000d6abf990,0x00000000e2d00000)
  from space 10752K, 0% used [0x00000000e3e80000,0x00000000e3e80000,0x00000000e4900000)
  to   space 13312K, 0% used [0x00000000e2f00000,0x00000000e2f00000,0x00000000e3c00000)
 ParOldGen       total 93184K, used 59843K [0x0000000081e00000, 0x0000000087900000, 0x00000000d5f80000)
  object space 93184K, 64% used [0x0000000081e00000,0x0000000085870c98,0x0000000087900000)
 Metaspace       used 71796K, capacity 75562K, committed 75688K, reserved 1118208K
  class space    used 10243K, capacity 10901K, committed 10920K, reserved 1048576K
GC Heap History (10 events):
Event: 23.593 GC heap before
{Heap before GC invocations=20 (full 3):
 PSYoungGen      total 221184K, used 210432K [0x00000000d5f80000, 0x00000000e4900000, 0x0000000100000000)
  eden space 210432K, 100% used [0x00000000d5f80000,0x00000000e2d00000,0x00000000e2d00000)
  from space 10752K, 0% used [0x00000000e3e80000,0x00000000e3e80000,0x00000000e4900000)
  to   space 13312K, 0% used [0x00000000e2f00000,0x00000000e2f00000,0x00000000e3c00000)
 ParOldGen       total 93184K, used 47235K [0x0000000081e00000, 0x0000000087900000, 0x00000000d5f80000)
  object space 93184K, 50% used [0x0000000081e00000,0x0000000084c20f50,0x0000000087900000)
 Metaspace       used 65186K, capacity 67910K, committed 68008K, reserved 1107968K
  class space    used 9132K, capacity 9637K, committed 9640K, reserved 1048576K
Event: 23.606 GC heap after
Heap after GC invocations=20 (full 3):
 PSYoungGen      total 223744K, used 12413K [0x00000000d5f80000, 0x00000000e4900000, 0x0000000100000000)
  eden space 210432K, 0% used [0x00000000d5f80000,0x00000000d5f80000,0x00000000e2d00000)
  from space 13312K, 93% used [0x00000000e2f00000,0x00000000e3b1f478,0x00000000e3c00000)
  to   space 10752K, 0% used [0x00000000e3e80000,0x00000000e3e80000,0x00000000e4900000)
 ParOldGen       total 93184K, used 47235K [0x0000000081e00000, 0x0000000087900000, 0x00000000d5f80000)
  object space 93184K, 50% used [0x0000000081e00000,0x0000000084c20f50,0x0000000087900000)
 Metaspace       used 65186K, capacity 67910K, committed 68008K, reserved 1107968K
  class space    used 9132K, capacity 9637K, committed 9640K, reserved 1048576K
}
Event: 25.089 GC heap before
{Heap before GC invocations=21 (full 3):
 PSYoungGen      total 223744K, used 222845K [0x00000000d5f80000, 0x00000000e4900000, 0x0000000100000000)
  eden space 210432K, 100% used [0x00000000d5f80000,0x00000000e2d00000,0x00000000e2d00000)
  from space 13312K, 93% used [0x00000000e2f00000,0x00000000e3b1f478,0x00000000e3c00000)
  to   space 10752K, 0% used [0x00000000e3e80000,0x00000000e3e80000,0x00000000e4900000)
 ParOldGen       total 93184K, used 47235K [0x0000000081e00000, 0x0000000087900000, 0x00000000d5f80000)
  object space 93184K, 50% used [0x0000000081e00000,0x0000000084c20f50,0x0000000087900000)
 Metaspace       used 67173K, capacity 70250K, committed 70440K, reserved 1110016K
  class space    used 9464K, capacity 10021K, committed 10024K, reserved 1048576K
Event: 25.100 GC heap after
Heap after GC invocations=21 (full 3):
 PSYoungGen      total 221184K, used 10720K [0x00000000d5f80000, 0x00000000e4900000, 0x0000000100000000)
  eden space 210432K, 0% used [0x00000000d5f80000,0x00000000d5f80000,0x00000000e2d00000)
  from space 10752K, 99% used [0x00000000e3e80000,0x00000000e48f8010,0x00000000e4900000)
  to   space 13312K, 0% used [0x00000000e2f00000,0x00000000e2f00000,0x00000000e3c00000)
 ParOldGen       total 93184K, used 49112K [0x0000000081e00000, 0x0000000087900000, 0x00000000d5f80000)
  object space 93184K, 52% used [0x0000000081e00000,0x0000000084df6158,0x0000000087900000)
 Metaspace       used 67173K, capacity 70250K, committed 70440K, reserved 1110016K
  class space    used 9464K, capacity 10021K, committed 10024K, reserved 1048576K
}
Event: 26.178 GC heap before
{Heap before GC invocations=22 (full 3):
 PSYoungGen      total 221184K, used 221152K [0x00000000d5f80000, 0x00000000e4900000, 0x0000000100000000)
  eden space 210432K, 100% used [0x00000000d5f80000,0x00000000e2d00000,0x00000000e2d00000)
  from space 10752K, 99% used [0x00000000e3e80000,0x00000000e48f8010,0x00000000e4900000)
  to   space 13312K, 0% used [0x00000000e2f00000,0x00000000e2f00000,0x00000000e3c00000)
 ParOldGen       total 93184K, used 49112K [0x0000000081e00000, 0x0000000087900000, 0x00000000d5f80000)
  object space 93184K, 52% used [0x0000000081e00000,0x0000000084df6158,0x0000000087900000)
 Metaspace       used 69100K, capacity 72490K, committed 72616K, reserved 1112064K
  class space    used 9776K, capacity 10349K, committed 10408K, reserved 1048576K
Event: 26.194 GC heap after
Heap after GC invocations=22 (full 3):
 PSYoungGen      total 223744K, used 6442K [0x00000000d5f80000, 0x00000000e4900000, 0x0000000100000000)
  eden space 210432K, 0% used [0x00000000d5f80000,0x00000000d5f80000,0x00000000e2d00000)
  from space 13312K, 48% used [0x00000000e2f00000,0x00000000e354a968,0x00000000e3c00000)
  to   space 10752K, 0% used [0x00000000e3e80000,0x00000000e3e80000,0x00000000e4900000)
 ParOldGen       total 93184K, used 59776K [0x0000000081e00000, 0x0000000087900000, 0x00000000d5f80000)
  object space 93184K, 64% used [0x0000000081e00000,0x0000000085860228,0x0000000087900000)
 Metaspace       used 69100K, capacity 72490K, committed 72616K, reserved 1112064K
  class space    used 9776K, capacity 10349K, committed 10408K, reserved 1048576K
}
Event: 27.458 GC heap before
{Heap before GC invocations=23 (full 3):
 PSYoungGen      total 223744K, used 190037K [0x00000000d5f80000, 0x00000000e4900000, 0x0000000100000000)
  eden space 210432K, 87% used [0x00000000d5f80000,0x00000000e12cab58,0x00000000e2d00000)
  from space 13312K, 48% used [0x00000000e2f00000,0x00000000e354a968,0x00000000e3c00000)
  to   space 10752K, 0% used [0x00000000e3e80000,0x00000000e3e80000,0x00000000e4900000)
 ParOldGen       total 93184K, used 59776K [0x0000000081e00000, 0x0000000087900000, 0x00000000d5f80000)
  object space 93184K, 64% used [0x0000000081e00000,0x0000000085860228,0x0000000087900000)
 Metaspace       used 71277K, capacity 74918K, committed 75048K, reserved 1118208K
  class space    used 10134K, capacity 10747K, committed 10792K, reserved 1048576K
Event: 27.470 GC heap after
Heap after GC invocations=23 (full 3):
 PSYoungGen      total 221184K, used 10746K [0x00000000d5f80000, 0x00000000e4900000, 0x0000000100000000)
  eden space 210432K, 0% used [0x00000000d5f80000,0x00000000d5f80000,0x00000000e2d00000)
  from space 10752K, 99% used [0x00000000e3e80000,0x00000000e48feae8,0x00000000e4900000)
  to   space 13312K, 0% used [0x00000000e2f00000,0x00000000e2f00000,0x00000000e3c00000)
 ParOldGen       total 93184K, used 60199K [0x0000000081e00000, 0x0000000087900000, 0x00000000d5f80000)
  object space 93184K, 64% used [0x0000000081e00000,0x00000000858c9f98,0x0000000087900000)
 Metaspace       used 71277K, capacity 74918K, committed 75048K, reserved 1118208K
  class space    used 10134K, capacity 10747K, committed 10792K, reserved 1048576K
}
Event: 27.470 GC heap before
{Heap before GC invocations=24 (full 4):
 PSYoungGen      total 221184K, used 10746K [0x00000000d5f80000, 0x00000000e4900000, 0x0000000100000000)
  eden space 210432K, 0% used [0x00000000d5f80000,0x00000000d5f80000,0x00000000e2d00000)
  from space 10752K, 99% used [0x00000000e3e80000,0x00000000e48feae8,0x00000000e4900000)
  to   space 13312K, 0% used [0x00000000e2f00000,0x00000000e2f00000,0x00000000e3c00000)
 ParOldGen       total 93184K, used 60199K [0x0000000081e00000, 0x0000000087900000, 0x00000000d5f80000)
  object space 93184K, 64% used [0x0000000081e00000,0x00000000858c9f98,0x0000000087900000)
 Metaspace       used 71277K, capacity 74918K, committed 75048K, reserved 1118208K
  class space    used 10134K, capacity 10747K, committed 10792K, reserved 1048576K
Event: 27.756 GC heap after
Heap after GC invocations=24 (full 4):
 PSYoungGen      total 221184K, used 0K [0x00000000d5f80000, 0x00000000e4900000, 0x0000000100000000)
  eden space 210432K, 0% used [0x00000000d5f80000,0x00000000d5f80000,0x00000000e2d00000)
  from space 10752K, 0% used [0x00000000e3e80000,0x00000000e3e80000,0x00000000e4900000)
  to   space 13312K, 0% used [0x00000000e2f00000,0x00000000e2f00000,0x00000000e3c00000)
 ParOldGen       total 93184K, used 59843K [0x0000000081e00000, 0x0000000087900000, 0x00000000d5f80000)
  object space 93184K, 64% used [0x0000000081e00000,0x0000000085870c98,0x0000000087900000)
 Metaspace       used 71277K, capacity 74918K, committed 75048K, reserved 1116160K
  class space    used 10134K, capacity 10747K, committed 10792K, reserved 1048576K
}

